<?xml version="1.0" encoding="UTF-8"?>
<!-- Generated by org.testng.reporters.JUnitReportReporter -->
<testsuite hostname="MSI" failures="0" tests="1" name="Flows.LoginFacebook" time="40.136" errors="0" timestamp="2022-06-19T22:19:52 ICT" skipped="0">
  <testcase classname="Flows.LoginFacebook" name="testForLoginPage" time="40.136"/>
  <system-out/>
</testsuite> <!-- Flows.LoginFacebook -->
