<?xml version="1.0" encoding="UTF-8"?>
<!-- Generated by org.testng.reporters.JUnitReportReporter -->
<testsuite hostname="MSI" failures="0" tests="1" name="Flows.LoginFacebook" time="29.782" errors="0" timestamp="2022-07-02T21:04:24 ICT" skipped="0">
  <testcase classname="Flows.LoginFacebook" name="testForLoginPage" time="29.782"/>
  <system-out/>
</testsuite> <!-- Flows.LoginFacebook -->
