<?xml version="1.0" encoding="UTF-8"?>
<!-- Generated by org.testng.reporters.JUnitReportReporter -->
<testsuite hostname="MSI" failures="0" tests="1" name="Flows.LoginFacebook" time="28.284" errors="0" timestamp="2022-07-07T22:56:48 ICT" skipped="0">
  <testcase classname="Flows.LoginFacebook" name="testForLoginPage" time="28.284"/>
  <system-out/>
</testsuite> <!-- Flows.LoginFacebook -->
